<?xml version="1.0" encoding="UTF-8"?>
<!-- Generated by org.testng.reporters.JUnitReportReporter -->
<testsuite hostname="DESKTOP-J1K0JQ3" failures="0" tests="1" name="com.banking.testCases.TC_LoginTest_001" time="4.178" errors="0" timestamp="2023-11-25T14:11:30 CET" skipped="0">
  <testcase classname="com.banking.testCases.TC_LoginTest_001" name="loginTest" time="4.178"/>
</testsuite> <!-- com.banking.testCases.TC_LoginTest_001 -->
