<?xml version="1.0" encoding="UTF-8"?>
<!-- Generated by org.testng.reporters.JUnitReportReporter -->
<testsuite hostname="DESKTOP-J1K0JQ3" failures="0" tests="1" name="com.banking.testCases.TC_LoginTest_001" time="3.920" errors="0" timestamp="2023-11-23T00:00:39 CET" skipped="0">
  <testcase classname="com.banking.testCases.TC_LoginTest_001" name="loginTest" time="3.920"/>
</testsuite> <!-- com.banking.testCases.TC_LoginTest_001 -->
